This is pdfTeX, Version 3.14159265-2.6-1.40.18 (TeX Live 2017) (preloaded format=pdflatex 2018.3.14)  14 MAR 2018 18:00
entering extended mode
 restricted \write18 enabled.
 %&-line parsing enabled.
**york-thesis-Template.tex
(./york-thesis-Template.tex
LaTeX2e <2017-04-15>
Babel <3.18> and hyphenation patterns for 84 language(s) loaded.
(/home/btaylor/texlive-2017/texmf-dist/tex/latex/york-thesis/york-thesis.cls
Document Class: york-thesis 2011/06/13 v3.6 York University (Toronto, Canada) t
hesis class
(/home/btaylor/texlive-2017/texmf-dist/tex/latex/base/ifthen.sty
Package: ifthen 2014/09/29 v1.1c Standard LaTeX ifthen package (DPC)
)
(/home/btaylor/texlive-2017/texmf-dist/tex/latex/tools/calc.sty
Package: calc 2014/10/28 v4.3 Infix arithmetic (KKT,FJ)
\calc@Acount=\count79
\calc@Bcount=\count80
\calc@Adimen=\dimen102
\calc@Bdimen=\dimen103
\calc@Askip=\skip41
\calc@Bskip=\skip42
LaTeX Info: Redefining \setlength on input line 80.
LaTeX Info: Redefining \addtolength on input line 81.
\calc@Ccount=\count81
\calc@Cskip=\skip43
)
(/home/btaylor/texlive-2017/texmf-dist/tex/latex/base/makeidx.sty
Package: makeidx 2014/09/29 v1.0m Standard LaTeX package
)
(/home/btaylor/texlive-2017/texmf-dist/tex/latex/base/report.cls
Document Class: report 2014/09/29 v1.4h Standard LaTeX document class
(/home/btaylor/texlive-2017/texmf-dist/tex/latex/base/size12.clo
File: size12.clo 2014/09/29 v1.4h Standard LaTeX file (size option)
)
\c@part=\count82
\c@chapter=\count83
\c@section=\count84
\c@subsection=\count85
\c@subsubsection=\count86
\c@paragraph=\count87
\c@subparagraph=\count88
\c@figure=\count89
\c@table=\count90
\abovecaptionskip=\skip44
\belowcaptionskip=\skip45
\bibindent=\dimen104
)
\epigraphwidth=\skip46
\epigraphrule=\skip47
)
(/home/btaylor/texlive-2017/texmf-dist/tex/latex/graphics/graphicx.sty
Package: graphicx 2017/06/01 v1.1a Enhanced LaTeX Graphics (DPC,SPQR)

(/home/btaylor/texlive-2017/texmf-dist/tex/latex/graphics/keyval.sty
Package: keyval 2014/10/28 v1.15 key=value parser (DPC)
\KV@toks@=\toks14
)
(/home/btaylor/texlive-2017/texmf-dist/tex/latex/graphics/graphics.sty
Package: graphics 2017/06/25 v1.2c Standard LaTeX Graphics (DPC,SPQR)

(/home/btaylor/texlive-2017/texmf-dist/tex/latex/graphics/trig.sty
Package: trig 2016/01/03 v1.10 sin cos tan (DPC)
)
(/home/btaylor/texlive-2017/texmf-dist/tex/latex/graphics-cfg/graphics.cfg
File: graphics.cfg 2016/06/04 v1.11 sample graphics configuration
)
Package graphics Info: Driver file: pdftex.def on input line 99.

(/home/btaylor/texlive-2017/texmf-dist/tex/latex/graphics-def/pdftex.def
File: pdftex.def 2018/01/08 v1.0l Graphics/color driver for pdftex
))
\Gin@req@height=\dimen105
\Gin@req@width=\dimen106
)
(/home/btaylor/texlive-2017/texmf-dist/tex/latex/amsmath/amsmath.sty
Package: amsmath 2017/09/02 v2.17a AMS math features
\@mathmargin=\skip48

For additional information on amsmath, use the `?' option.
(/home/btaylor/texlive-2017/texmf-dist/tex/latex/amsmath/amstext.sty
Package: amstext 2000/06/29 v2.01 AMS text

(/home/btaylor/texlive-2017/texmf-dist/tex/latex/amsmath/amsgen.sty
File: amsgen.sty 1999/11/30 v2.0 generic functions
\@emptytoks=\toks15
\ex@=\dimen107
))
(/home/btaylor/texlive-2017/texmf-dist/tex/latex/amsmath/amsbsy.sty
Package: amsbsy 1999/11/29 v1.2d Bold Symbols
\pmbraise@=\dimen108
)
(/home/btaylor/texlive-2017/texmf-dist/tex/latex/amsmath/amsopn.sty
Package: amsopn 2016/03/08 v2.02 operator names
)
\inf@bad=\count91
LaTeX Info: Redefining \frac on input line 213.
\uproot@=\count92
\leftroot@=\count93
LaTeX Info: Redefining \overline on input line 375.
\classnum@=\count94
\DOTSCASE@=\count95
LaTeX Info: Redefining \ldots on input line 472.
LaTeX Info: Redefining \dots on input line 475.
LaTeX Info: Redefining \cdots on input line 596.
\Mathstrutbox@=\box26
\strutbox@=\box27
\big@size=\dimen109
LaTeX Font Info:    Redeclaring font encoding OML on input line 712.
LaTeX Font Info:    Redeclaring font encoding OMS on input line 713.
\macc@depth=\count96
\c@MaxMatrixCols=\count97
\dotsspace@=\muskip10
\c@parentequation=\count98
\dspbrk@lvl=\count99
\tag@help=\toks16
\row@=\count100
\column@=\count101
\maxfields@=\count102
\andhelp@=\toks17
\eqnshift@=\dimen110
\alignsep@=\dimen111
\tagshift@=\dimen112
\tagwidth@=\dimen113
\totwidth@=\dimen114
\lineht@=\dimen115
\@envbody=\toks18
\multlinegap=\skip49
\multlinetaggap=\skip50
\mathdisplay@stack=\toks19
LaTeX Info: Redefining \[ on input line 2817.
LaTeX Info: Redefining \] on input line 2818.
)
(/home/btaylor/texlive-2017/texmf-dist/tex/latex/hyperref/hyperref.sty
Package: hyperref 2018/02/06 v6.86b Hypertext links for LaTeX

(/home/btaylor/texlive-2017/texmf-dist/tex/generic/oberdiek/hobsub-hyperref.sty
Package: hobsub-hyperref 2016/05/16 v1.14 Bundle oberdiek, subset hyperref (HO)

(/home/btaylor/texlive-2017/texmf-dist/tex/generic/oberdiek/hobsub-generic.sty
Package: hobsub-generic 2016/05/16 v1.14 Bundle oberdiek, subset generic (HO)
Package: hobsub 2016/05/16 v1.14 Construct package bundles (HO)
Package: infwarerr 2016/05/16 v1.4 Providing info/warning/error messages (HO)
Package: ltxcmds 2016/05/16 v1.23 LaTeX kernel commands for general use (HO)
Package: ifluatex 2016/05/16 v1.4 Provides the ifluatex switch (HO)
Package ifluatex Info: LuaTeX not detected.
Package: ifvtex 2016/05/16 v1.6 Detect VTeX and its facilities (HO)
Package ifvtex Info: VTeX not detected.
Package: intcalc 2016/05/16 v1.2 Expandable calculations with integers (HO)
Package: ifpdf 2017/03/15 v3.2 Provides the ifpdf switch
Package: etexcmds 2016/05/16 v1.6 Avoid name clashes with e-TeX commands (HO)
Package etexcmds Info: Could not find \expanded.
(etexcmds)             That can mean that you are not using pdfTeX 1.50 or
(etexcmds)             that some package has redefined \expanded.
(etexcmds)             In the latter case, load this package earlier.
Package: kvsetkeys 2016/05/16 v1.17 Key value parser (HO)
Package: kvdefinekeys 2016/05/16 v1.4 Define keys (HO)
Package: pdftexcmds 2018/01/21 v0.26 Utility functions of pdfTeX for LuaTeX (HO
)
Package pdftexcmds Info: LuaTeX not detected.
Package pdftexcmds Info: \pdf@primitive is available.
Package pdftexcmds Info: \pdf@ifprimitive is available.
Package pdftexcmds Info: \pdfdraftmode found.
Package: pdfescape 2016/05/16 v1.14 Implements pdfTeX's escape features (HO)
Package: bigintcalc 2016/05/16 v1.4 Expandable calculations on big integers (HO
)
Package: bitset 2016/05/16 v1.2 Handle bit-vector datatype (HO)
Package: uniquecounter 2016/05/16 v1.3 Provide unlimited unique counter (HO)
)
Package hobsub Info: Skipping package `hobsub' (already loaded).
Package: letltxmacro 2016/05/16 v1.5 Let assignment for LaTeX macros (HO)
Package: hopatch 2016/05/16 v1.3 Wrapper for package hooks (HO)
Package: xcolor-patch 2016/05/16 xcolor patch
Package: atveryend 2016/05/16 v1.9 Hooks at the very end of document (HO)
Package atveryend Info: \enddocument detected (standard20110627).
Package: atbegshi 2016/06/09 v1.18 At begin shipout hook (HO)
Package: refcount 2016/05/16 v3.5 Data extraction from label references (HO)
Package: hycolor 2016/05/16 v1.8 Color options for hyperref/bookmark (HO)
) (/home/btaylor/texlive-2017/texmf-dist/tex/generic/ifxetex/ifxetex.sty
Package: ifxetex 2010/09/12 v0.6 Provides ifxetex conditional
)
(/home/btaylor/texlive-2017/texmf-dist/tex/latex/oberdiek/auxhook.sty
Package: auxhook 2016/05/16 v1.4 Hooks for auxiliary files (HO)
)
(/home/btaylor/texlive-2017/texmf-dist/tex/latex/oberdiek/kvoptions.sty
Package: kvoptions 2016/05/16 v3.12 Key value format for package options (HO)
)
\@linkdim=\dimen116
\Hy@linkcounter=\count103
\Hy@pagecounter=\count104

(/home/btaylor/texlive-2017/texmf-dist/tex/latex/hyperref/pd1enc.def
File: pd1enc.def 2018/02/06 v6.86b Hyperref: PDFDocEncoding definition (HO)
)
\Hy@SavedSpaceFactor=\count105

(/home/btaylor/texlive-2017/texmf-dist/tex/latex/latexconfig/hyperref.cfg
File: hyperref.cfg 2002/06/06 v1.2 hyperref configuration of TeXLive
)
Package hyperref Info: Option `final' set `true' on input line 4383.
Package hyperref Info: Hyper figures OFF on input line 4509.
Package hyperref Info: Link nesting OFF on input line 4514.
Package hyperref Info: Hyper index ON on input line 4517.
Package hyperref Info: Plain pages OFF on input line 4524.
Package hyperref Info: Backreferencing OFF on input line 4529.
Package hyperref Info: Implicit mode ON; LaTeX internals redefined.
Package hyperref Info: Bookmarks ON on input line 4762.
\c@Hy@tempcnt=\count106

(/home/btaylor/texlive-2017/texmf-dist/tex/latex/url/url.sty
\Urlmuskip=\muskip11
Package: url 2013/09/16  ver 3.4  Verb mode for urls, etc.
)
LaTeX Info: Redefining \url on input line 5115.
\XeTeXLinkMargin=\dimen117
\Fld@menulength=\count107
\Field@Width=\dimen118
\Fld@charsize=\dimen119
Package hyperref Info: Hyper figures OFF on input line 6369.
Package hyperref Info: Link nesting OFF on input line 6374.
Package hyperref Info: Hyper index ON on input line 6377.
Package hyperref Info: backreferencing OFF on input line 6384.
Package hyperref Info: Link coloring OFF on input line 6389.
Package hyperref Info: Link coloring with OCG OFF on input line 6394.
Package hyperref Info: PDF/A mode OFF on input line 6399.
LaTeX Info: Redefining \ref on input line 6439.
LaTeX Info: Redefining \pageref on input line 6443.
\Hy@abspage=\count108
\c@Item=\count109
\c@Hfootnote=\count110
)
Package hyperref Info: Driver (autodetected): hpdftex.

(/home/btaylor/texlive-2017/texmf-dist/tex/latex/hyperref/hpdftex.def
File: hpdftex.def 2018/02/06 v6.86b Hyperref driver for pdfTeX
\Fld@listcount=\count111
\c@bookmark@seq@number=\count112

(/home/btaylor/texlive-2017/texmf-dist/tex/latex/oberdiek/rerunfilecheck.sty
Package: rerunfilecheck 2016/05/16 v1.8 Rerun checks for auxiliary files (HO)
Package uniquecounter Info: New unique counter `rerunfilecheck' on input line 2
82.
)
\Hy@SectionHShift=\skip51
)
(/home/btaylor/texlive-2017/texmf-dist/tex/latex/caption/subcaption.sty
Package: subcaption 2016/05/22 v1.1-161 Sub-captions (AR)

(/home/btaylor/texlive-2017/texmf-dist/tex/latex/caption/caption.sty
Package: caption 2016/02/21 v3.3-144 Customizing captions (AR)

(/home/btaylor/texlive-2017/texmf-dist/tex/latex/caption/caption3.sty
Package: caption3 2016/05/22 v1.7-166 caption3 kernel (AR)
Package caption3 Info: TeX engine: e-TeX on input line 67.
\captionmargin=\dimen120
\captionmargin@=\dimen121
\captionwidth=\dimen122
\caption@tempdima=\dimen123
\caption@indent=\dimen124
\caption@parindent=\dimen125
\caption@hangindent=\dimen126
)
\c@ContinuedFloat=\count113
Package caption Info: hyperref package is loaded.
)
\c@subfigure=\count114
\c@subtable=\count115
)
(/home/btaylor/texlive-2017/texmf-dist/tex/latex/float/float.sty
Package: float 2001/11/08 v1.3d Float enhancements (AL)
\c@float@type=\count116
\float@exts=\toks20
\float@box=\box28
\@float@everytoks=\toks21
\@floatcapt=\box29
)
(/home/btaylor/texlive-2017/texmf-dist/tex/latex/geometry/geometry.sty
Package: geometry 2010/09/12 v5.6 Page Geometry
\Gm@cnth=\count117
\Gm@cntv=\count118
\c@Gm@tempcnt=\count119
\Gm@bindingoffset=\dimen127
\Gm@wd@mp=\dimen128
\Gm@odd@mp=\dimen129
\Gm@even@mp=\dimen130
\Gm@layoutwidth=\dimen131
\Gm@layoutheight=\dimen132
\Gm@layouthoffset=\dimen133
\Gm@layoutvoffset=\dimen134
\Gm@dimlist=\toks22
)
(/home/btaylor/texlive-2017/texmf-dist/tex/latex/fancyhdr/fancyhdr.sty
Package: fancyhdr 2017/06/30 v3.9a Extensive control of page headers and footer
s
\f@nch@headwidth=\skip52
\f@nch@O@elh=\skip53
\f@nch@O@erh=\skip54
\f@nch@O@olh=\skip55
\f@nch@O@orh=\skip56
\f@nch@O@elf=\skip57
\f@nch@O@erf=\skip58
\f@nch@O@olf=\skip59
\f@nch@O@orf=\skip60
)
(/home/btaylor/texlive-2017/texmf-dist/tex/latex/natbib/natbib.sty
Package: natbib 2010/09/13 8.31b (PWD, AO)
\bibhang=\skip61
\bibsep=\skip62
LaTeX Info: Redefining \cite on input line 694.
\c@NAT@ctr=\count120
)
(./york-thesis-Template.aux (./chapter-1.aux) (./chapter-2.aux)
(./chapter-3.aux) (./appendix-a.aux

LaTeX Warning: Label `fig:skewt_20140123' multiply defined.


LaTeX Warning: Label `fig:skewt_20161215' multiply defined.

))
\openout1 = `york-thesis-Template.aux'.

LaTeX Font Info:    Checking defaults for OML/cmm/m/it on input line 103.
LaTeX Font Info:    ... okay on input line 103.
LaTeX Font Info:    Checking defaults for T1/cmr/m/n on input line 103.
LaTeX Font Info:    ... okay on input line 103.
LaTeX Font Info:    Checking defaults for OT1/cmr/m/n on input line 103.
LaTeX Font Info:    ... okay on input line 103.
LaTeX Font Info:    Checking defaults for OMS/cmsy/m/n on input line 103.
LaTeX Font Info:    ... okay on input line 103.
LaTeX Font Info:    Checking defaults for OMX/cmex/m/n on input line 103.
LaTeX Font Info:    ... okay on input line 103.
LaTeX Font Info:    Checking defaults for U/cmr/m/n on input line 103.
LaTeX Font Info:    ... okay on input line 103.
LaTeX Font Info:    Checking defaults for PD1/pdf/m/n on input line 103.
LaTeX Font Info:    ... okay on input line 103.
 (/home/btaylor/texlive-2017/texmf-dist/tex/context/base/mkii/supp-pdf.mkii
[Loading MPS to PDF converter (version 2006.09.02).]
\scratchcounter=\count121
\scratchdimen=\dimen135
\scratchbox=\box30
\nofMPsegments=\count122
\nofMParguments=\count123
\everyMPshowfont=\toks23
\MPscratchCnt=\count124
\MPscratchDim=\dimen136
\MPnumerator=\count125
\makeMPintoPDFobject=\count126
\everyMPtoPDFconversion=\toks24
) (/home/btaylor/texlive-2017/texmf-dist/tex/latex/oberdiek/epstopdf-base.sty
Package: epstopdf-base 2016/05/15 v2.6 Base part for package epstopdf

(/home/btaylor/texlive-2017/texmf-dist/tex/latex/oberdiek/grfext.sty
Package: grfext 2016/05/16 v1.2 Manage graphics extensions (HO)
)
Package epstopdf-base Info: Redefining graphics rule for `.eps' on input line 4
38.
Package grfext Info: Graphics extension search list:
(grfext)             [.pdf,.png,.jpg,.mps,.jpeg,.jbig2,.jb2,.PDF,.PNG,.JPG,.JPE
G,.JBIG2,.JB2,.eps]
(grfext)             \AppendGraphicsExtensions on input line 456.

(/home/btaylor/texlive-2017/texmf-dist/tex/latex/latexconfig/epstopdf-sys.cfg
File: epstopdf-sys.cfg 2010/07/13 v1.3 Configuration of (r)epstopdf for TeX Liv
e
))
\AtBeginShipoutBox=\box31
Package hyperref Info: Link coloring OFF on input line 103.
(/home/btaylor/texlive-2017/texmf-dist/tex/latex/hyperref/nameref.sty
Package: nameref 2016/05/21 v2.44 Cross-referencing by name of section

(/home/btaylor/texlive-2017/texmf-dist/tex/generic/oberdiek/gettitlestring.sty
Package: gettitlestring 2016/05/16 v1.5 Cleanup title references (HO)
)
\c@section@level=\count127
)
LaTeX Info: Redefining \ref on input line 103.
LaTeX Info: Redefining \pageref on input line 103.
LaTeX Info: Redefining \nameref on input line 103.
 (./york-thesis-Template.out) (./york-thesis-Template.out)
\@outlinefile=\write3
\openout3 = `york-thesis-Template.out'.

Package caption Info: Begin \AtBeginDocument code.
Package caption Info: float package is loaded.
Package caption Info: End \AtBeginDocument code.

! You can't use `the character 2' after \the.
\headheight ->2
               4pt
l.103 \begin{document}
                      
I'm forgetting what you said and using zero instead.

*geometry* driver: auto-detecting
*geometry* detected driver: pdftex
! You can't use `the character 2' after \the.
\headheight ->2
               4pt
l.103 \begin{document}
                      
I'm forgetting what you said and using zero instead.

! You can't use `the character 2' after \the.
\headheight ->2
               4pt
l.103 \begin{document}
                      
I'm forgetting what you said and using zero instead.

! You can't use `the character 2' after \the.
\headheight ->2
               4pt
l.103 \begin{document}
                      
I'm forgetting what you said and using zero instead.

*geometry* verbose mode - [ preamble ] result:
* driver: pdftex
* paper: letterpaper
* layout: <same size as paper>
* layoutoffset:(h,v)=(0.0pt,0.0pt)
* modes: 
* h-part:(L,W,R)=(108.405pt, 433.62001pt, 72.26999pt)
* v-part:(T,H,B)=(72.26999pt, 650.43001pt, 72.26999pt)
* \paperwidth=614.295pt
* \paperheight=794.96999pt
* \textwidth=433.62001pt
* \textheight=650.43001pt
* \oddsidemargin=36.13501pt
* \evensidemargin=36.13501pt
* \topmargin=0.0pt
* \headheight=04pt
* \headsep=0.0pt
* \topskip=12.0pt
* \footskip=21.68121pt
* \marginparwidth=44.0pt
* \marginparsep=10.0pt
* \columnsep=10.0pt
* \skip\footins=10.8pt plus 4.0pt minus 2.0pt
* \hoffset=0.0pt
* \voffset=0.0pt
* \mag=1000
* \@twocolumnfalse
* \@twosidefalse
* \@mparswitchfalse
* \@reversemarginfalse
* (1in=72.27pt=25.4mm, 1cm=28.453pt)

[1

{/home/btaylor/texlive-2017/texmf-var/fonts/map/pdftex/updmap/pdftex.map}]
LaTeX Font Info:    Try loading font information for OMS+cmr on input line 104.


(/home/btaylor/texlive-2017/texmf-dist/tex/latex/base/omscmr.fd
File: omscmr.fd 2014/09/29 v2.5h Standard LaTeX font definitions
)
LaTeX Font Info:    Font shape `OMS/cmr/m/n' in size <12> not available
(Font)              Font shape `OMS/cmsy/m/n' tried instead on input line 104.
 [2] [3]
(./abstract.tex) [4

] (./york-thesis-Template.toc [5

])
\tf@toc=\write4
\openout4 = `york-thesis-Template.toc'.

 [6]
(./york-thesis-Template.lof
Overfull \hbox (0.99498pt too wide) in paragraph at lines 6--6
 \OT1/cmr/m/n/12 data points with in-di-vid-ual ker-nels as grey dashed lines, 
(right) summed 
 []

[7

] [8] [9] [10]
Overfull \hbox (12.73048pt too wide) in paragraph at lines 52--52
 [][] [][]\OT1/cmr/m/n/12 Graphs of KBUF January-March 2014 $\OML/cmm/m/it/12 Z
[]$ \OT1/cmr/m/n/12 bias es-ti-mates from NEXRAD 
 []

[11])
\tf@lof=\write5
\openout5 = `york-thesis-Template.lof'.

 [12]
\openout2 = `chapter-1.aux'.

 (./chapter-1.tex
Chapter 1.
[1


]

Package hyperref Warning: Token not allowed in a PDF string (PDFDocEncoding):
(hyperref)                removing `math shift' on input line 27.


Package hyperref Warning: Token not allowed in a PDF string (PDFDocEncoding):
(hyperref)                removing `subscript' on input line 27.


Package hyperref Warning: Token not allowed in a PDF string (PDFDocEncoding):
(hyperref)                removing `math shift' on input line 27.


Package hyperref Warning: Token not allowed in a PDF string (PDFDocEncoding):
(hyperref)                removing `math shift' on input line 40.


Package hyperref Warning: Token not allowed in a PDF string (PDFDocEncoding):
(hyperref)                removing `subscript' on input line 40.


Package hyperref Warning: Token not allowed in a PDF string (PDFDocEncoding):
(hyperref)                removing `math shift' on input line 40.

[2]
<figures/map.png, id=506, 407.6028pt x 272.81924pt>
File: figures/map.png Graphic file (type png)
<use figures/map.png>
Package pdftex.def Info: figures/map.png  used on input line 47.
(pdftex.def)             Requested size: 433.62001pt x 290.23605pt.
) [3 <./figures/map.png>]
\openout2 = `chapter-2.aux'.

 (./chapter-2.tex
Chapter 2.
<figures/study_area.pdf, id=517, 376.34964pt x 233.5908pt>
File: figures/study_area.pdf Graphic file (type pdf)
<use figures/study_area.pdf>
Package pdftex.def Info: figures/study_area.pdf  used on input line 6.
(pdftex.def)             Requested size: 376.34871pt x 233.59023pt.
[4



 <./figures/study_area.pdf>]

LaTeX Warning: `h' float specifier changed to `ht'.

<figures/compare_bins_ref.png, id=587, 697.4055pt x 190.43146pt>
File: figures/compare_bins_ref.png Graphic file (type png)
<use figures/compare_bins_ref.png>
Package pdftex.def Info: figures/compare_bins_ref.png  used on input line 57.
(pdftex.def)             Requested size: 433.62001pt x 118.40625pt.
<figures/compare_bins_zdr.png, id=588, 697.4055pt x 190.43146pt>
File: figures/compare_bins_zdr.png Graphic file (type png)
<use figures/compare_bins_zdr.png>
Package pdftex.def Info: figures/compare_bins_zdr.png  used on input line 61.
(pdftex.def)             Requested size: 433.62001pt x 118.40625pt.
[5]

LaTeX Warning: `h' float specifier changed to `ht'.

[6]

LaTeX Warning: `h' float specifier changed to `ht'.


LaTeX Warning: `h' float specifier changed to `ht'.

[7 <./figures/compare_bins_ref.png> <./figures/compare_bins_zdr.png>] [8]
[9]
<figures/Synthetic_data_2D_KDE.png, id=642, 3613.5pt x 1806.75pt>
File: figures/Synthetic_data_2D_KDE.png Graphic file (type png)
<use figures/Synthetic_data_2D_KDE.png>
Package pdftex.def Info: figures/Synthetic_data_2D_KDE.png  used on input line 
132.
(pdftex.def)             Requested size: 361.37117pt x 180.68558pt.
<figures/total_least_square.png, id=643, 579.16376pt x 574.145pt>
File: figures/total_least_square.png Graphic file (type png)
<use figures/total_least_square.png>
Package pdftex.def Info: figures/total_least_square.png  used on input line 139
.
(pdftex.def)             Requested size: 231.66139pt x 229.65393pt.


Package hyperref Warning: Token not allowed in a PDF string (PDFDocEncoding):
(hyperref)                removing `math shift' on input line 145.


Package hyperref Warning: Token not allowed in a PDF string (PDFDocEncoding):
(hyperref)                removing `subscript' on input line 145.


Package hyperref Warning: Token not allowed in a PDF string (PDFDocEncoding):
(hyperref)                removing `math shift' on input line 145.

[10 <./figures/Synthetic_data_2D_KDE.png>]) [11 <./figures/total_least_square.p
ng>]
\openout2 = `chapter-3.aux'.

 (./chapter-3.tex
Chapter 3.
<figures/grid/ref/20140118.png, id=668, 560.0925pt x 265.9536pt>
File: figures/grid/ref/20140118.png Graphic file (type png)
<use figures/grid/ref/20140118.png>
Package pdftex.def Info: figures/grid/ref/20140118.png  used on input line 7.
(pdftex.def)             Requested size: 433.62001pt x 205.909pt.
<figures/grid/zdr/20140118.png, id=669, 560.0925pt x 265.9536pt>
File: figures/grid/zdr/20140118.png Graphic file (type png)
<use figures/grid/zdr/20140118.png>
Package pdftex.def Info: figures/grid/zdr/20140118.png  used on input line 13.
(pdftex.def)             Requested size: 433.62001pt x 205.909pt.
<figures/scatter/ref/20140118.pdf, id=670, 556.28893pt x 553.23326pt>
File: figures/scatter/ref/20140118.pdf Graphic file (type pdf)
<use figures/scatter/ref/20140118.pdf>
Package pdftex.def Info: figures/scatter/ref/20140118.pdf  used on input line 2
1.
(pdftex.def)             Requested size: 211.39198pt x 210.23082pt.
<figures/scatter/zdr/20140118.pdf, id=671, 556.20206pt x 553.23326pt>
File: figures/scatter/zdr/20140118.pdf Graphic file (type pdf)
<use figures/scatter/zdr/20140118.pdf>
Package pdftex.def Info: figures/scatter/zdr/20140118.pdf  used on input line 2
5.
(pdftex.def)             Requested size: 211.35898pt x 210.23082pt.
<figures/hist/20140118.png, id=672, 482.7636pt x 284.7438pt>
File: figures/hist/20140118.png Graphic file (type png)
<use figures/hist/20140118.png>
Package pdftex.def Info: figures/hist/20140118.png  used on input line 32.
(pdftex.def)             Requested size: 325.215pt x 191.82011pt.
[12



] [13 <./figures/grid/ref/20140118.png> <./figures/grid/zdr/20140118.png>]
[14 <./figures/scatter/ref/20140118.pdf> <./figures/scatter/zdr/20140118.pdf

pdfTeX warning: /home/btaylor/texlive-2017/bin/x86_64-linux/pdflatex (file ./fi
gures/scatter/zdr/20140118.pdf): PDF inclusion: multiple pdfs with page group i
ncluded in a single page
> <./figures/hist/20140118.png>]
<figures/grid/ref/20140123.png, id=832, 560.0925pt x 265.9536pt>
File: figures/grid/ref/20140123.png Graphic file (type png)
<use figures/grid/ref/20140123.png>
Package pdftex.def Info: figures/grid/ref/20140123.png  used on input line 52.
(pdftex.def)             Requested size: 325.215pt x 154.43175pt.
<figures/grid/zdr/20140123.png, id=833, 560.0925pt x 265.9536pt>
File: figures/grid/zdr/20140123.png Graphic file (type png)
<use figures/grid/zdr/20140123.png>
Package pdftex.def Info: figures/grid/zdr/20140123.png  used on input line 58.
(pdftex.def)             Requested size: 433.62001pt x 205.909pt.
<figures/scatter/ref/20140123.pdf, id=834, 556.28893pt x 553.23326pt>
File: figures/scatter/ref/20140123.pdf Graphic file (type pdf)
<use figures/scatter/ref/20140123.pdf>
Package pdftex.def Info: figures/scatter/ref/20140123.pdf  used on input line 6
6.
(pdftex.def)             Requested size: 211.39198pt x 210.23082pt.
<figures/scatter/zdr/20140123.pdf, id=835, 556.20206pt x 553.23326pt>
File: figures/scatter/zdr/20140123.pdf Graphic file (type pdf)
<use figures/scatter/zdr/20140123.pdf>
Package pdftex.def Info: figures/scatter/zdr/20140123.pdf  used on input line 7
0.
(pdftex.def)             Requested size: 211.35898pt x 210.23082pt.
<figures/hist/20140123.png, id=836, 489.2679pt x 284.7438pt>
File: figures/hist/20140123.png Graphic file (type png)
<use figures/hist/20140123.png>
Package pdftex.def Info: figures/hist/20140123.png  used on input line 77.
(pdftex.def)             Requested size: 325.215pt x 189.27403pt.


LaTeX Warning: Reference `scatter_ref_20140123' on page 15 undefined on input l
ine 84.

<figures/grid/ref/20140201.png, id=840, 560.0925pt x 265.9536pt>
File: figures/grid/ref/20140201.png Graphic file (type png)
<use figures/grid/ref/20140201.png>
Package pdftex.def Info: figures/grid/ref/20140201.png  used on input line 89.
(pdftex.def)             Requested size: 433.62001pt x 205.909pt.
<figures/grid/zdr/20140201.png, id=841, 560.0925pt x 265.9536pt>
File: figures/grid/zdr/20140201.png Graphic file (type png)
<use figures/grid/zdr/20140201.png>
Package pdftex.def Info: figures/grid/zdr/20140201.png  used on input line 95.
(pdftex.def)             Requested size: 433.62001pt x 205.909pt.
<figures/scatter/ref/20140201.pdf, id=842, 556.28893pt x 553.23326pt>
File: figures/scatter/ref/20140201.pdf Graphic file (type pdf)
<use figures/scatter/ref/20140201.pdf>
Package pdftex.def Info: figures/scatter/ref/20140201.pdf  used on input line 1
03.
(pdftex.def)             Requested size: 211.39198pt x 210.23082pt.
<figures/scatter/zdr/20140201.pdf, id=843, 556.20206pt x 553.23326pt>
File: figures/scatter/zdr/20140201.pdf Graphic file (type pdf)
<use figures/scatter/zdr/20140201.pdf>
Package pdftex.def Info: figures/scatter/zdr/20140201.pdf  used on input line 1
07.
(pdftex.def)             Requested size: 211.35898pt x 210.23082pt.
<figures/hist/20140201.png, id=844, 489.2679pt x 284.7438pt>
File: figures/hist/20140201.png Graphic file (type png)
<use figures/hist/20140201.png>
Package pdftex.def Info: figures/hist/20140201.png  used on input line 114.
(pdftex.def)             Requested size: 325.215pt x 189.27403pt.
<figures/grid/ref/20150106.png, id=845, 560.0925pt x 265.9536pt>
File: figures/grid/ref/20150106.png Graphic file (type png)
<use figures/grid/ref/20150106.png>
Package pdftex.def Info: figures/grid/ref/20150106.png  used on input line 123.

(pdftex.def)             Requested size: 433.62001pt x 205.909pt.
<figures/grid/zdr/20150106.png, id=846, 560.0925pt x 265.9536pt>
File: figures/grid/zdr/20150106.png Graphic file (type png)
<use figures/grid/zdr/20150106.png>
Package pdftex.def Info: figures/grid/zdr/20150106.png  used on input line 129.

(pdftex.def)             Requested size: 433.62001pt x 205.909pt.
<figures/scatter/ref/20150106.pdf, id=847, 556.28893pt x 553.23326pt>
File: figures/scatter/ref/20150106.pdf Graphic file (type pdf)
<use figures/scatter/ref/20150106.pdf>
Package pdftex.def Info: figures/scatter/ref/20150106.pdf  used on input line 1
37.
(pdftex.def)             Requested size: 211.39198pt x 210.23082pt.
<figures/scatter/zdr/20150106.pdf, id=848, 556.20206pt x 553.23326pt>
File: figures/scatter/zdr/20150106.pdf Graphic file (type pdf)
<use figures/scatter/zdr/20150106.pdf>
Package pdftex.def Info: figures/scatter/zdr/20150106.pdf  used on input line 1
41.
(pdftex.def)             Requested size: 211.35898pt x 210.23082pt.
<figures/hist/20150106.png, id=849, 482.7636pt x 284.7438pt>
File: figures/hist/20150106.png Graphic file (type png)
<use figures/hist/20150106.png>
Package pdftex.def Info: figures/hist/20150106.png  used on input line 148.
(pdftex.def)             Requested size: 325.215pt x 191.82011pt.
<figures/grid/ref/20150107.png, id=851, 560.0925pt x 265.9536pt>
File: figures/grid/ref/20150107.png Graphic file (type png)
<use figures/grid/ref/20150107.png>
Package pdftex.def Info: figures/grid/ref/20150107.png  used on input line 156.

(pdftex.def)             Requested size: 433.62001pt x 205.909pt.
[15] [16 <./figures/grid/ref/20140123.png> <./figures/grid/zdr/20140123.png>]
[17 <./figures/scatter/ref/20140123.pdf> <./figures/scatter/zdr/20140123.pdf

pdfTeX warning: /home/btaylor/texlive-2017/bin/x86_64-linux/pdflatex (file ./fi
gures/scatter/zdr/20140123.pdf): PDF inclusion: multiple pdfs with page group i
ncluded in a single page
> <./figures/hist/20140123.png>] [18 <./figures/grid/ref/20140201.png> <./figur
es/grid/zdr/20140201.png>] [19 <./figures/scatter/ref/20140201.pdf> <./figures/
scatter/zdr/20140201.pdf

pdfTeX warning: /home/btaylor/texlive-2017/bin/x86_64-linux/pdflatex (file ./fi
gures/scatter/zdr/20140201.pdf): PDF inclusion: multiple pdfs with page group i
ncluded in a single page
> <./figures/hist/20140201.png>] [20 <./figures/grid/ref/20150106.png> <./figur
es/grid/zdr/20150106.png>] [21 <./figures/scatter/ref/20150106.pdf> <./figures/
scatter/zdr/20150106.pdf

pdfTeX warning: /home/btaylor/texlive-2017/bin/x86_64-linux/pdflatex (file ./fi
gures/scatter/zdr/20150106.pdf): PDF inclusion: multiple pdfs with page group i
ncluded in a single page
> <./figures/hist/20150106.png>]
<figures/grid/zdr/20150107.png, id=1311, 560.0925pt x 265.9536pt>
File: figures/grid/zdr/20150107.png Graphic file (type png)
<use figures/grid/zdr/20150107.png>
Package pdftex.def Info: figures/grid/zdr/20150107.png  used on input line 162.

(pdftex.def)             Requested size: 433.62001pt x 205.909pt.
<figures/scatter/ref/20150107.pdf, id=1312, 556.28893pt x 553.23326pt>
File: figures/scatter/ref/20150107.pdf Graphic file (type pdf)
<use figures/scatter/ref/20150107.pdf>
Package pdftex.def Info: figures/scatter/ref/20150107.pdf  used on input line 1
70.
(pdftex.def)             Requested size: 211.39198pt x 210.23082pt.
<figures/scatter/zdr/20150107.pdf, id=1313, 556.20206pt x 553.23326pt>
File: figures/scatter/zdr/20150107.pdf Graphic file (type pdf)
<use figures/scatter/zdr/20150107.pdf>
Package pdftex.def Info: figures/scatter/zdr/20150107.pdf  used on input line 1
74.
(pdftex.def)             Requested size: 211.35898pt x 210.23082pt.
<figures/hist/20150107.png, id=1314, 489.2679pt x 284.7438pt>
File: figures/hist/20150107.png Graphic file (type png)
<use figures/hist/20150107.png>
Package pdftex.def Info: figures/hist/20150107.png  used on input line 181.
(pdftex.def)             Requested size: 325.215pt x 189.27403pt.
<figures/grid/ref/20150206.png, id=1316, 560.0925pt x 265.9536pt>
File: figures/grid/ref/20150206.png Graphic file (type png)
<use figures/grid/ref/20150206.png>
Package pdftex.def Info: figures/grid/ref/20150206.png  used on input line 190.

(pdftex.def)             Requested size: 433.62001pt x 205.909pt.
<figures/grid/zdr/20150206.png, id=1317, 560.0925pt x 265.9536pt>
File: figures/grid/zdr/20150206.png Graphic file (type png)
<use figures/grid/zdr/20150206.png>
Package pdftex.def Info: figures/grid/zdr/20150206.png  used on input line 196.

(pdftex.def)             Requested size: 433.62001pt x 205.909pt.
<figures/scatter/ref/20150206.pdf, id=1318, 556.28893pt x 553.23326pt>
File: figures/scatter/ref/20150206.pdf Graphic file (type pdf)
<use figures/scatter/ref/20150206.pdf>
Package pdftex.def Info: figures/scatter/ref/20150206.pdf  used on input line 2
04.
(pdftex.def)             Requested size: 211.39198pt x 210.23082pt.
<figures/scatter/zdr/20150206.pdf, id=1319, 556.20206pt x 553.23326pt>
File: figures/scatter/zdr/20150206.pdf Graphic file (type pdf)
<use figures/scatter/zdr/20150206.pdf>
Package pdftex.def Info: figures/scatter/zdr/20150206.pdf  used on input line 2
08.
(pdftex.def)             Requested size: 211.35898pt x 210.23082pt.
<figures/hist/20150206.png, id=1320, 489.2679pt x 284.7438pt>
File: figures/hist/20150206.png Graphic file (type png)
<use figures/hist/20150206.png>
Package pdftex.def Info: figures/hist/20150206.png  used on input line 215.
(pdftex.def)             Requested size: 325.215pt x 189.27403pt.
<figures/grid/ref/20150214.png, id=1321, 560.0925pt x 265.9536pt>
File: figures/grid/ref/20150214.png Graphic file (type png)
<use figures/grid/ref/20150214.png>
Package pdftex.def Info: figures/grid/ref/20150214.png  used on input line 224.

(pdftex.def)             Requested size: 433.62001pt x 205.909pt.
<figures/grid/zdr/20150214.png, id=1322, 560.0925pt x 265.9536pt>
File: figures/grid/zdr/20150214.png Graphic file (type png)
<use figures/grid/zdr/20150214.png>
Package pdftex.def Info: figures/grid/zdr/20150214.png  used on input line 230.

(pdftex.def)             Requested size: 433.62001pt x 205.909pt.
<figures/scatter/ref/20150214.pdf, id=1323, 556.28893pt x 553.23326pt>
File: figures/scatter/ref/20150214.pdf Graphic file (type pdf)
<use figures/scatter/ref/20150214.pdf>
Package pdftex.def Info: figures/scatter/ref/20150214.pdf  used on input line 2
38.
(pdftex.def)             Requested size: 211.39198pt x 210.23082pt.
<figures/scatter/zdr/20150214.pdf, id=1324, 556.20206pt x 553.23326pt>
File: figures/scatter/zdr/20150214.pdf Graphic file (type pdf)
<use figures/scatter/zdr/20150214.pdf>
Package pdftex.def Info: figures/scatter/zdr/20150214.pdf  used on input line 2
42.
(pdftex.def)             Requested size: 211.35898pt x 210.23082pt.
<figures/hist/20150214.png, id=1325, 489.2679pt x 284.7438pt>
File: figures/hist/20150214.png Graphic file (type png)
<use figures/hist/20150214.png>
Package pdftex.def Info: figures/hist/20150214.png  used on input line 249.
(pdftex.def)             Requested size: 325.215pt x 189.27403pt.
<figures/grid/ref/20150218.png, id=1326, 560.0925pt x 265.9536pt>
File: figures/grid/ref/20150218.png Graphic file (type png)
<use figures/grid/ref/20150218.png>
Package pdftex.def Info: figures/grid/ref/20150218.png  used on input line 258.

(pdftex.def)             Requested size: 433.62001pt x 205.909pt.
<figures/grid/zdr/20150218.png, id=1327, 560.0925pt x 265.9536pt>
File: figures/grid/zdr/20150218.png Graphic file (type png)
<use figures/grid/zdr/20150218.png>
Package pdftex.def Info: figures/grid/zdr/20150218.png  used on input line 264.

(pdftex.def)             Requested size: 433.62001pt x 205.909pt.
<figures/scatter/ref/20150218.pdf, id=1328, 556.28893pt x 553.23326pt>
File: figures/scatter/ref/20150218.pdf Graphic file (type pdf)
<use figures/scatter/ref/20150218.pdf>
Package pdftex.def Info: figures/scatter/ref/20150218.pdf  used on input line 2
72.
(pdftex.def)             Requested size: 211.39198pt x 210.23082pt.
<figures/scatter/zdr/20150218.pdf, id=1329, 556.20206pt x 553.23326pt>
File: figures/scatter/zdr/20150218.pdf Graphic file (type pdf)
<use figures/scatter/zdr/20150218.pdf>
Package pdftex.def Info: figures/scatter/zdr/20150218.pdf  used on input line 2
76.
(pdftex.def)             Requested size: 211.35898pt x 210.23082pt.
<figures/hist/20150218.png, id=1330, 482.7636pt x 284.7438pt>
File: figures/hist/20150218.png Graphic file (type png)
<use figures/hist/20150218.png>
Package pdftex.def Info: figures/hist/20150218.png  used on input line 283.
(pdftex.def)             Requested size: 325.215pt x 191.82011pt.
<figures/grid/ref/20160210.png, id=1332, 560.0925pt x 265.9536pt>
File: figures/grid/ref/20160210.png Graphic file (type png)
<use figures/grid/ref/20160210.png>
Package pdftex.def Info: figures/grid/ref/20160210.png  used on input line 291.

(pdftex.def)             Requested size: 433.62001pt x 205.909pt.
<figures/grid/zdr/20160210.png, id=1333, 560.0925pt x 265.9536pt>
File: figures/grid/zdr/20160210.png Graphic file (type png)
<use figures/grid/zdr/20160210.png>
Package pdftex.def Info: figures/grid/zdr/20160210.png  used on input line 297.

(pdftex.def)             Requested size: 433.62001pt x 205.909pt.
<figures/scatter/ref/20160210.pdf, id=1334, 556.28893pt x 553.23326pt>
File: figures/scatter/ref/20160210.pdf Graphic file (type pdf)
<use figures/scatter/ref/20160210.pdf>
Package pdftex.def Info: figures/scatter/ref/20160210.pdf  used on input line 3
05.
(pdftex.def)             Requested size: 211.39198pt x 210.23082pt.
<figures/scatter/zdr/20160210.pdf, id=1335, 556.20206pt x 553.23326pt>
File: figures/scatter/zdr/20160210.pdf Graphic file (type pdf)
<use figures/scatter/zdr/20160210.pdf>
Package pdftex.def Info: figures/scatter/zdr/20160210.pdf  used on input line 3
09.
(pdftex.def)             Requested size: 211.35898pt x 210.23082pt.
<figures/hist/20160210.png, id=1336, 489.2679pt x 284.7438pt>
File: figures/hist/20160210.png Graphic file (type png)
<use figures/hist/20160210.png>
Package pdftex.def Info: figures/hist/20160210.png  used on input line 316.
(pdftex.def)             Requested size: 325.215pt x 189.27403pt.
<figures/grid/ref/20161215.png, id=1337, 560.0925pt x 265.9536pt>
File: figures/grid/ref/20161215.png Graphic file (type png)
<use figures/grid/ref/20161215.png>
Package pdftex.def Info: figures/grid/ref/20161215.png  used on input line 325.

(pdftex.def)             Requested size: 433.62001pt x 205.909pt.
 [22] [23 <./figures/grid/ref/20150107.png> <./figures/grid/zdr/20150107.png>] 
[24 <./figures/scatter/ref/20150107.pdf> <./figures/scatter/zdr/20150107.pdf

pdfTeX warning: /home/btaylor/texlive-2017/bin/x86_64-linux/pdflatex (file ./fi
gures/scatter/zdr/20150107.pdf): PDF inclusion: multiple pdfs with page group i
ncluded in a single page
> <./figures/hist/20150107.png>] [25 <./figures/grid/ref/20150206.png> <./figur
es/grid/zdr/20150206.png>] [26 <./figures/scatter/ref/20150206.pdf> <./figures/
scatter/zdr/20150206.pdf

pdfTeX warning: /home/btaylor/texlive-2017/bin/x86_64-linux/pdflatex (file ./fi
gures/scatter/zdr/20150206.pdf): PDF inclusion: multiple pdfs with page group i
ncluded in a single page
> <./figures/hist/20150206.png>] [27 <./figures/grid/ref/20150214.png> <./figur
es/grid/zdr/20150214.png>] [28 <./figures/scatter/ref/20150214.pdf> <./figures/
scatter/zdr/20150214.pdf

pdfTeX warning: /home/btaylor/texlive-2017/bin/x86_64-linux/pdflatex (file ./fi
gures/scatter/zdr/20150214.pdf): PDF inclusion: multiple pdfs with page group i
ncluded in a single page
> <./figures/hist/20150214.png>] [29 <./figures/grid/ref/20150218.png> <./figur
es/grid/zdr/20150218.png>] [30 <./figures/scatter/ref/20150218.pdf> <./figures/
scatter/zdr/20150218.pdf

pdfTeX warning: /home/btaylor/texlive-2017/bin/x86_64-linux/pdflatex (file ./fi
gures/scatter/zdr/20150218.pdf): PDF inclusion: multiple pdfs with page group i
ncluded in a single page
> <./figures/hist/20150218.png>] [31 <./figures/grid/ref/20160210.png> <./figur
es/grid/zdr/20160210.png>] [32 <./figures/scatter/ref/20160210.pdf> <./figures/
scatter/zdr/20160210.pdf

pdfTeX warning: /home/btaylor/texlive-2017/bin/x86_64-linux/pdflatex (file ./fi
gures/scatter/zdr/20160210.pdf): PDF inclusion: multiple pdfs with page group i
ncluded in a single page
> <./figures/hist/20160210.png>]
<figures/grid/zdr/20161215.png, id=2099, 560.0925pt x 265.9536pt>
File: figures/grid/zdr/20161215.png Graphic file (type png)
<use figures/grid/zdr/20161215.png>
Package pdftex.def Info: figures/grid/zdr/20161215.png  used on input line 331.

(pdftex.def)             Requested size: 433.62001pt x 205.909pt.
<figures/scatter/ref/20161215.pdf, id=2100, 556.28893pt x 553.23326pt>
File: figures/scatter/ref/20161215.pdf Graphic file (type pdf)
<use figures/scatter/ref/20161215.pdf>
Package pdftex.def Info: figures/scatter/ref/20161215.pdf  used on input line 3
39.
(pdftex.def)             Requested size: 211.39198pt x 210.23082pt.
<figures/scatter/zdr/20161215.pdf, id=2101, 556.20206pt x 553.23326pt>
File: figures/scatter/zdr/20161215.pdf Graphic file (type pdf)
<use figures/scatter/zdr/20161215.pdf>
Package pdftex.def Info: figures/scatter/zdr/20161215.pdf  used on input line 3
43.
(pdftex.def)             Requested size: 211.35898pt x 210.23082pt.
<figures/hist/20161215.png, id=2102, 482.7636pt x 284.7438pt>
File: figures/hist/20161215.png Graphic file (type png)
<use figures/hist/20161215.png>
Package pdftex.def Info: figures/hist/20161215.png  used on input line 350.
(pdftex.def)             Requested size: 325.215pt x 191.82011pt.
<figures/ref_scatter_synoptic.png, id=2104, 538.4115pt x 556.479pt>
File: figures/ref_scatter_synoptic.png Graphic file (type png)
<use figures/ref_scatter_synoptic.png>
Package pdftex.def Info: figures/ref_scatter_synoptic.png  used on input line 3
62.
(pdftex.def)             Requested size: 242.28293pt x 250.41324pt.

Overfull \hbox (29.80675pt too wide) in paragraph at lines 362--363
 [][] 
 []

<figures/ref_scatter_lake_effect.png, id=2105, 538.4115pt x 556.479pt>
File: figures/ref_scatter_lake_effect.png Graphic file (type png)
<use figures/ref_scatter_lake_effect.png>
Package pdftex.def Info: figures/ref_scatter_lake_effect.png  used on input lin
e 366.
(pdftex.def)             Requested size: 242.28293pt x 250.41324pt.

Overfull \hbox (29.80675pt too wide) in paragraph at lines 366--367
 [][] 
 []


LaTeX Warning: `h' float specifier changed to `ht'.


Package hyperref Warning: Token not allowed in a PDF string (PDFDocEncoding):
(hyperref)                removing `math shift' on input line 372.


Package hyperref Warning: Token not allowed in a PDF string (PDFDocEncoding):
(hyperref)                removing `subscript' on input line 372.


Package hyperref Warning: Token not allowed in a PDF string (PDFDocEncoding):
(hyperref)                removing `math shift' on input line 372.

<figures/grid_ref.png, id=2112, 630.9171pt x 811.95345pt>
File: figures/grid_ref.png Graphic file (type png)
<use figures/grid_ref.png>
Package pdftex.def Info: figures/grid_ref.png  used on input line 376.
(pdftex.def)             Requested size: 433.62001pt x 558.04317pt.
<figures/zdr_scatter_synoptic.png, id=2113, 528.2937pt x 556.479pt>
File: figures/zdr_scatter_synoptic.png Graphic file (type png)
<use figures/zdr_scatter_synoptic.png>
Package pdftex.def Info: figures/zdr_scatter_synoptic.png  used on input line 3
84.
(pdftex.def)             Requested size: 211.31374pt x 222.58766pt.
<figures/zdr_scatter_lake_effect.png, id=2114, 528.2937pt x 556.479pt>
File: figures/zdr_scatter_lake_effect.png Graphic file (type png)
<use figures/zdr_scatter_lake_effect.png>
Package pdftex.def Info: figures/zdr_scatter_lake_effect.png  used on input lin
e 388.
(pdftex.def)             Requested size: 211.31374pt x 222.58766pt.

LaTeX Warning: `h' float specifier changed to `ht'.


LaTeX Warning: File `KBUF_bias_2014_jan-march.png' not found on input line 395.



! Package pdftex.def Error: File `KBUF_bias_2014_jan-march.png' not found: usin
g draft setting.

See the pdftex.def package documentation for explanation.
Type  H <return>  for immediate help.
 ...                                              
                                                  
l.395 ...\textwidth]{KBUF_bias_2014_jan-march.png}
                                                  
Try typing  <return>  to proceed.
If that doesn't work, type  X <return>  to quit.


LaTeX Warning: Reference `fig:20140123hist_all' on page 33 undefined on input l
ine 404.


LaTeX Warning: Reference `fig:20140123hist_ds' on page 33 undefined on input li
ne 404.


LaTeX Warning: Reference `fig:KBUF_bias_2014_apr-june' on page 33 undefined on 
input line 404.

[33] [34 <./figures/grid/ref/20161215.png> <./figures/grid/zdr/20161215.png>]
[35 <./figures/scatter/ref/20161215.pdf> <./figures/scatter/zdr/20161215.pdf

pdfTeX warning: /home/btaylor/texlive-2017/bin/x86_64-linux/pdflatex (file ./fi
gures/scatter/zdr/20161215.pdf): PDF inclusion: multiple pdfs with page group i
ncluded in a single page
> <./figures/hist/20161215.png>]

Package hyperref Warning: Token not allowed in a PDF string (PDFDocEncoding):
(hyperref)                removing `math shift' on input line 409.


Package hyperref Warning: Token not allowed in a PDF string (PDFDocEncoding):
(hyperref)                removing `subscript' on input line 409.


Package hyperref Warning: Token not allowed in a PDF string (PDFDocEncoding):
(hyperref)                removing `math shift' on input line 409.

[36 <./figures/ref_scatter_synoptic.png> <./figures/ref_scatter_lake_effect.png
>] [37 <./figures/grid_ref.png>]) [38 <./figures/zdr_scatter_synoptic.png> <./f
igures/zdr_scatter_lake_effect.png>] [39] [40]
\openout2 = `appendix-a.aux'.

 (./appendix-a.tex
Appendix A.
<figures/500mb/20140118_06Z_GPH.png, id=2302, 803.0pt x 621.32124pt>
File: figures/500mb/20140118_06Z_GPH.png Graphic file (type png)
<use figures/500mb/20140118_06Z_GPH.png>
Package pdftex.def Info: figures/500mb/20140118_06Z_GPH.png  used on input line
 5.
(pdftex.def)             Requested size: 433.62001pt x 310.37155pt.
<figures/500mb/20140123_06Z_GPH.png, id=2304, 803.0pt x 621.32124pt>
File: figures/500mb/20140123_06Z_GPH.png Graphic file (type png)
<use figures/500mb/20140123_06Z_GPH.png>
Package pdftex.def Info: figures/500mb/20140123_06Z_GPH.png  used on input line
 12.
(pdftex.def)             Requested size: 433.62001pt x 310.37155pt.
<figures/500mb/20140201_18Z_GPH.png, id=2306, 803.0pt x 621.32124pt>
File: figures/500mb/20140201_18Z_GPH.png Graphic file (type png)
<use figures/500mb/20140201_18Z_GPH.png>
Package pdftex.def Info: figures/500mb/20140201_18Z_GPH.png  used on input line
 18.
(pdftex.def)             Requested size: 433.62001pt x 310.37155pt.
<figures/500mb/20150106_15Z_GPH.png, id=2308, 803.0pt x 621.32124pt>
File: figures/500mb/20150106_15Z_GPH.png Graphic file (type png)
<use figures/500mb/20150106_15Z_GPH.png>
Package pdftex.def Info: figures/500mb/20150106_15Z_GPH.png  used on input line
 24.
(pdftex.def)             Requested size: 433.62001pt x 310.37155pt.
<figures/500mb/20150107_09Z_GPH.png, id=2310, 803.0pt x 621.32124pt>
File: figures/500mb/20150107_09Z_GPH.png Graphic file (type png)
<use figures/500mb/20150107_09Z_GPH.png>
Package pdftex.def Info: figures/500mb/20150107_09Z_GPH.png  used on input line
 31.
(pdftex.def)             Requested size: 433.62001pt x 310.37155pt.
<figures/500mb/20150206_09Z_GPH.png, id=2312, 803.0pt x 621.32124pt>
File: figures/500mb/20150206_09Z_GPH.png Graphic file (type png)
<use figures/500mb/20150206_09Z_GPH.png>
Package pdftex.def Info: figures/500mb/20150206_09Z_GPH.png  used on input line
 38.
(pdftex.def)             Requested size: 433.62001pt x 310.37155pt.
<figures/500mb/20150214_12Z_GPH.png, id=2314, 803.0pt x 621.32124pt>
File: figures/500mb/20150214_12Z_GPH.png Graphic file (type png)
<use figures/500mb/20150214_12Z_GPH.png>
Package pdftex.def Info: figures/500mb/20150214_12Z_GPH.png  used on input line
 45.
(pdftex.def)             Requested size: 433.62001pt x 310.37155pt.
<figures/500mb/20150218_21Z_GPH.png, id=2316, 803.0pt x 621.32124pt>
File: figures/500mb/20150218_21Z_GPH.png Graphic file (type png)
<use figures/500mb/20150218_21Z_GPH.png>
Package pdftex.def Info: figures/500mb/20150218_21Z_GPH.png  used on input line
 52.
(pdftex.def)             Requested size: 433.62001pt x 310.37155pt.
<figures/500mb/20160210_18Z_GPH.png, id=2318, 803.0pt x 621.32124pt>
File: figures/500mb/20160210_18Z_GPH.png Graphic file (type png)
<use figures/500mb/20160210_18Z_GPH.png>
Package pdftex.def Info: figures/500mb/20160210_18Z_GPH.png  used on input line
 59.
(pdftex.def)             Requested size: 433.62001pt x 310.37155pt.
<figures/500mb/20161215_09Z_GPH.png, id=2320, 803.0pt x 621.32124pt>
File: figures/500mb/20161215_09Z_GPH.png Graphic file (type png)
<use figures/500mb/20161215_09Z_GPH.png>
Package pdftex.def Info: figures/500mb/20161215_09Z_GPH.png  used on input line
 66.
(pdftex.def)             Requested size: 433.62001pt x 310.37155pt.
<figures/skewt/sounding_20140118_12Z.png, id=2323, 578.16pt x 578.16pt>
File: figures/skewt/sounding_20140118_12Z.png Graphic file (type png)
<use figures/skewt/sounding_20140118_12Z.png>
Package pdftex.def Info: figures/skewt/sounding_20140118_12Z.png  used on input
 line 74.
(pdftex.def)             Requested size: 433.62001pt x 433.61893pt.
<figures/skewt/sounding_20140123_00Z.png, id=2324, 578.16pt x 578.16pt>
File: figures/skewt/sounding_20140123_00Z.png Graphic file (type png)
<use figures/skewt/sounding_20140123_00Z.png>
Package pdftex.def Info: figures/skewt/sounding_20140123_00Z.png  used on input
 line 80.
(pdftex.def)             Requested size: 433.62001pt x 433.61893pt.
<figures/skewt/sounding_20140201_12Z.png, id=2325, 578.16pt x 578.16pt>
File: figures/skewt/sounding_20140201_12Z.png Graphic file (type png)
<use figures/skewt/sounding_20140201_12Z.png>
Package pdftex.def Info: figures/skewt/sounding_20140201_12Z.png  used on input
 line 86.
(pdftex.def)             Requested size: 433.62001pt x 433.61893pt.
<figures/skewt/sounding_20150106_12Z.png, id=2326, 578.16pt x 578.16pt>
File: figures/skewt/sounding_20150106_12Z.png Graphic file (type png)
<use figures/skewt/sounding_20150106_12Z.png>
Package pdftex.def Info: figures/skewt/sounding_20150106_12Z.png  used on input
 line 92.
(pdftex.def)             Requested size: 433.62001pt x 433.61893pt.
<figures/skewt/sounding_20150107_12Z.png, id=2327, 578.16pt x 578.16pt>
File: figures/skewt/sounding_20150107_12Z.png Graphic file (type png)
<use figures/skewt/sounding_20150107_12Z.png>
Package pdftex.def Info: figures/skewt/sounding_20150107_12Z.png  used on input
 line 98.
(pdftex.def)             Requested size: 433.62001pt x 433.61893pt.
<figures/skewt/sounding_20150206_12Z.png, id=2328, 578.16pt x 578.16pt>
File: figures/skewt/sounding_20150206_12Z.png Graphic file (type png)
<use figures/skewt/sounding_20150206_12Z.png>
Package pdftex.def Info: figures/skewt/sounding_20150206_12Z.png  used on input
 line 104.
(pdftex.def)             Requested size: 433.62001pt x 433.61893pt.
<figures/skewt/sounding_20150214_12Z.png, id=2329, 578.16pt x 578.16pt>
File: figures/skewt/sounding_20150214_12Z.png Graphic file (type png)
<use figures/skewt/sounding_20150214_12Z.png>
Package pdftex.def Info: figures/skewt/sounding_20150214_12Z.png  used on input
 line 110.
(pdftex.def)             Requested size: 433.62001pt x 433.61893pt.
<figures/skewt/sounding_20150218_12Z.png, id=2330, 578.16pt x 578.16pt>
File: figures/skewt/sounding_20150218_12Z.png Graphic file (type png)
<use figures/skewt/sounding_20150218_12Z.png>
Package pdftex.def Info: figures/skewt/sounding_20150218_12Z.png  used on input
 line 116.
(pdftex.def)             Requested size: 433.62001pt x 433.61893pt.
<figures/skewt/sounding_20160210_12Z.png, id=2331, 578.16pt x 578.16pt>
File: figures/skewt/sounding_20160210_12Z.png Graphic file (type png)
<use figures/skewt/sounding_20160210_12Z.png>
Package pdftex.def Info: figures/skewt/sounding_20160210_12Z.png  used on input
 line 122.
(pdftex.def)             Requested size: 433.62001pt x 433.61893pt.
<figures/skewt/sounding_20161215_12Z.png, id=2332, 578.16pt x 578.16pt>
File: figures/skewt/sounding_20161215_12Z.png Graphic file (type png)
<use figures/skewt/sounding_20161215_12Z.png>
Package pdftex.def Info: figures/skewt/sounding_20161215_12Z.png  used on input
 line 128.
(pdftex.def)             Requested size: 433.62001pt x 433.61893pt.
<figures/sounding_climo.png, id=2334, 894.34125pt x 821.0675pt>
File: figures/sounding_climo.png Graphic file (type png)
<use figures/sounding_climo.png>
Package pdftex.def Info: figures/sounding_climo.png  used on input line 136.
(pdftex.def)             Requested size: 433.62001pt x 398.1045pt.
) [41



] [42 <./figures/500mb/20140118_06Z_GPH.png>] [43 <./figures/500mb/20140123_06Z
_GPH.png>] [44 <./figures/500mb/20140201_18Z_GPH.png>] [45 <./figures/500mb/201
50106_15Z_GPH.png>] [46 <./figures/500mb/20150107_09Z_GPH.png>] [47 <./figures/
500mb/20150206_09Z_GPH.png>] [48 <./figures/500mb/20150214_12Z_GPH.png>]
[49 <./figures/500mb/20150218_21Z_GPH.png>] [50 <./figures/500mb/20160210_18Z_G
PH.png>] [51 <./figures/500mb/20161215_09Z_GPH.png>] [52 <./figures/skewt/sound
ing_20140118_12Z.png>] [53 <./figures/skewt/sounding_20140123_00Z.png>]
[54 <./figures/skewt/sounding_20140201_12Z.png>] [55 <./figures/skewt/sounding_
20150106_12Z.png>] [56 <./figures/skewt/sounding_20150107_12Z.png>] [57 <./figu
res/skewt/sounding_20150206_12Z.png>] [58 <./figures/skewt/sounding_20150214_12
Z.png>] [59 <./figures/skewt/sounding_20150218_12Z.png>] [60 <./figures/skewt/s
ounding_20160210_12Z.png>] [61 <./figures/skewt/sounding_20161215_12Z.png>]
[62 <./figures/sounding_climo.png>] (./york-thesis-Template.bbl [63


])
Package atveryend Info: Empty hook `BeforeClearDocument' on input line 132.
 [64]
Package atveryend Info: Empty hook `AfterLastShipout' on input line 132.

(./york-thesis-Template.aux (./chapter-1.aux) (./chapter-2.aux)
(./chapter-3.aux) (./appendix-a.aux))
Package atveryend Info: Executing hook `AtVeryEndDocument' on input line 132.
Package atveryend Info: Executing hook `AtEndAfterFileList' on input line 132.
Package rerunfilecheck Info: File `york-thesis-Template.out' has not changed.
(rerunfilecheck)             Checksum: 0E79F8256659183C6DB9AD624A5188D0;2762.


LaTeX Warning: There were undefined references.


LaTeX Warning: There were multiply-defined labels.

Package atveryend Info: Empty hook `AtVeryVeryEnd' on input line 132.
 ) 
Here is how much of TeX's memory you used:
 8748 strings out of 492982
 139003 string characters out of 6130652
 255817 words of memory out of 5000000
 11925 multiletter control sequences out of 15000+600000
 12837 words of font info for 46 fonts, out of 8000000 for 9000
 1141 hyphenation exceptions out of 8191
 42i,13n,43p,1517b,507s stack positions out of 5000i,500n,10000p,200000b,80000s
</home/btaylor/texlive-2017/texmf-dist/fonts/type1/public/amsfonts/cm/cmbx12.
pfb></home/btaylor/texlive-2017/texmf-dist/fonts/type1/public/amsfonts/cm/cmex1
0.pfb></home/btaylor/texlive-2017/texmf-dist/fonts/type1/public/amsfonts/cm/cmm
i10.pfb></home/btaylor/texlive-2017/texmf-dist/fonts/type1/public/amsfonts/cm/c
mmi12.pfb></home/btaylor/texlive-2017/texmf-dist/fonts/type1/public/amsfonts/cm
/cmmi8.pfb></home/btaylor/texlive-2017/texmf-dist/fonts/type1/public/amsfonts/c
m/cmr10.pfb></home/btaylor/texlive-2017/texmf-dist/fonts/type1/public/amsfonts/
cm/cmr12.pfb></home/btaylor/texlive-2017/texmf-dist/fonts/type1/public/amsfonts
/cm/cmr6.pfb></home/btaylor/texlive-2017/texmf-dist/fonts/type1/public/amsfonts
/cm/cmr8.pfb></home/btaylor/texlive-2017/texmf-dist/fonts/type1/public/amsfonts
/cm/cmsy10.pfb></home/btaylor/texlive-2017/texmf-dist/fonts/type1/public/amsfon
ts/cm/cmsy8.pfb></home/btaylor/texlive-2017/texmf-dist/fonts/type1/public/amsfo
nts/cm/cmti12.pfb></home/btaylor/texlive-2017/texmf-dist/fonts/type1/public/ams
fonts/cm/cmtt12.pfb>
Output written on york-thesis-Template.pdf (76 pages, 20201559 bytes).
PDF statistics:
 2576 PDF objects out of 2984 (max. 8388607)
 1111 compressed objects within 12 object streams
 216 named destinations out of 1000 (max. 500000)
 791 words of extra memory for PDF output out of 10000 (max. 10000000)

